<?xml version="1.0" encoding="UTF-8"?>
<!-- Generated by org.testng.reporters.JUnitXMLReporter -->
<testsuite ignored="0" hostname="LTIN485891" failures="0" tests="11" name="Test" time="140.444" errors="0" timestamp="2024-04-04T11:00:42 IST">
  <testcase classname="testCases.TC_01" name="checkUrl" time="0.325"/>
  <testcase classname="testCases.TC_01" name="checkLocations" time="8.014"/>
  <testcase classname="testCases.TC_01" name="checkSpecialist" time="0.323"/>
  <testcase classname="testCases.TC_01" name="checkDoctorDetials" time="17.162"/>
  <testcase classname="testCases.TC_02" name="checkSurgiersPageOpened" time="1.936"/>
  <testcase classname="testCases.TC_02" name="printSurgeries" time="0.796"/>
  <testcase classname="testCases.TC_03" name="checkDemoPageOpened" time="7.762"/>
  <testcase classname="testCases.TC_03" name="validateForm_Invalid_Detials" time="1.458"/>
  <testcase classname="testCases.TC_04" name="checkDemoPageOpened" time="9.064"/>
  <testcase classname="testCases.TC_04" name="validateForm_Valid_Detials" time="3.661"/>
  <testcase classname="testCases.TC_05" name="endToEnd" time="38.702"/>
</testsuite> <!-- Test -->
